2020-07-21 15:54:30,638 [27] FATAL LemonWay - XmlToJson : La balise de début 'foo' sur la ligne 1 à la position 2 ne correspond pas à la balise de fin de 'bar'. Ligne 1, position 13.
2020-07-21 15:54:30,664 [50] FATAL LemonWay - XmlToJson : Élément racine manquant.
2020-07-21 15:55:28,207 [64] FATAL LemonWay - XmlToJson : La balise de début 'foo' sur la ligne 1 à la position 2 ne correspond pas à la balise de fin de 'bar'. Ligne 1, position 13.
2020-07-21 15:55:28,259 [58] FATAL LemonWay - XmlToJson : Élément racine manquant.
2020-07-21 15:57:31,739 [65] FATAL LemonWay - XmlToJson : La balise de début 'foo' sur la ligne 1 à la position 2 ne correspond pas à la balise de fin de 'bar'. Ligne 1, position 13.
2020-07-21 15:57:31,808 [58] FATAL LemonWay - XmlToJson : Élément racine manquant.
2020-07-21 16:01:40,129 [52] FATAL LemonWay - XmlToJson : La balise de début 'foo' sur la ligne 1 à la position 2 ne correspond pas à la balise de fin de 'bar'. Ligne 1, position 13.
2020-07-21 16:01:40,160 [65] FATAL LemonWay - XmlToJson : Élément racine manquant.
2020-07-21 16:02:33,934 [65] FATAL LemonWay - XmlToJson : La balise de début 'foo' sur la ligne 1 à la position 2 ne correspond pas à la balise de fin de 'bar'. Ligne 1, position 13.
2020-07-21 16:02:33,971 [61] FATAL LemonWay - XmlToJson : Élément racine manquant.
2020-07-21 16:04:15,728 [61] FATAL LemonWay - XmlToJson : La balise de début 'foo' sur la ligne 1 à la position 2 ne correspond pas à la balise de fin de 'bar'. Ligne 1, position 13.
2020-07-21 16:04:15,755 [65] FATAL LemonWay - XmlToJson : Élément racine manquant.
2020-07-21 18:21:09,213 [8] FATAL LemonWay - XmlToJson : Élément racine manquant.
2020-07-21 18:36:40,890 [40] FATAL LemonWay - XmlToJson : Élément racine manquant.
2020-07-21 18:36:40,938 [55] FATAL LemonWay - XmlToJson : La balise de début 'foo' sur la ligne 1 à la position 2 ne correspond pas à la balise de fin de 'bar'. Ligne 1, position 13.
2020-07-21 18:41:35,077 [55] FATAL LemonWay - XmlToJson : Élément racine manquant.
2020-07-21 18:41:35,086 [50] FATAL LemonWay - XmlToJson : La balise de début 'foo' sur la ligne 1 à la position 2 ne correspond pas à la balise de fin de 'bar'. Ligne 1, position 13.
2020-07-21 18:42:06,146 [50] FATAL LemonWay - XmlToJson : La balise de début 'foo' sur la ligne 1 à la position 2 ne correspond pas à la balise de fin de 'bar'. Ligne 1, position 13.
2020-07-21 18:42:06,218 [56] FATAL LemonWay - XmlToJson : Élément racine manquant.
2020-07-21 18:44:17,597 [40] FATAL LemonWay - XmlToJson : Élément racine manquant.
2020-07-22 11:46:21,401 [35] FATAL LemonWay - XmlToJson : Élément racine manquant.
2020-07-22 11:46:40,870 [35] FATAL LemonWay - XmlToJson : Balise de fin inattendue. Ligne 1, position 19.
2020-07-22 11:46:53,681 [35] FATAL LemonWay - XmlToJson : La balise de début 'boob' sur la ligne 1 à la position 2 ne correspond pas à la balise de fin de 'oo'. Ligne 1, position 12.
2020-07-22 14:28:39,131 [47] FATAL LemonWay - XmlToJson : Élément racine manquant.
2020-07-22 14:28:42,575 [53] FATAL LemonWay - XmlToJson : Élément racine manquant.
2020-07-22 15:29:01,749 [26] FATAL LemonWay - XmlToJson : Fin de fichier inattendue. Les éléments suivants ne sont pas fermés : boo. Ligne 1, position 6.
2020-07-22 15:30:04,299 [18] FATAL LemonWay - XmlToJson : Il existe plusieurs éléments racine. Ligne 2, position 2.
2020-07-22 15:36:50,495 [26] FATAL LemonWay - XmlToJson : Le caractère '<', valeur hexadécimale 0x3C, ne peut pas commencer un nom. Ligne 1, position 326.
2020-07-22 15:40:42,876 [26] FATAL LemonWay - XmlToJson : Il existe plusieurs éléments racine. Ligne 1, position 710.
2020-07-22 15:52:52,059 [7] FATAL LemonWay - XmlToJson : Élément racine manquant.
2020-07-22 15:59:42,232 [19] FATAL LemonWay - XmlToJson : Données non valides au niveau racine. Ligne 1, position 1.
2020-07-22 17:04:46,918 [7] FATAL LemonWay - XmlToJson : Données non valides au niveau racine. Ligne 1, position 1.
2020-07-22 17:05:01,892 [7] FATAL LemonWay - XmlToJson : La balise de début 'foo' sur la ligne 1 à la position 2 ne correspond pas à la balise de fin de 'bar'. Ligne 1, position 13.
2020-07-22 17:05:01,973 [8] FATAL LemonWay - XmlToJson : Élément racine manquant.
